{"/home/zw/桌面/ExpressTS/commonClasses/Book.ts": {"path":"/home/zw/桌面/ExpressTS/commonClasses/Book.ts","statementMap":{"0":{"start":{"line":5,"column":8},"end":{"line":5,"column":19}},"1":{"start":{"line":6,"column":8},"end":{"line":6,"column":31}},"2":{"start":{"line":9,"column":8},"end":{"line":9,"column":23}},"3":{"start":{"line":12,"column":8},"end":{"line":12,"column":29}},"4":{"start":{"line":15,"column":8},"end":{"line":15,"column":null}},"5":{"start":{"line":18,"column":8},"end":{"line":18,"column":null}},"6":{"start":{"line":1,"column":0},"end":{"line":1,"column":13}}},"fnMap":{"0":{"name":"(anonymous_0)","decl":{"start":{"line":4,"column":4},"end":{"line":4,"column":16}},"loc":{"start":{"line":4,"column":41},"end":{"line":7,"column":5}}},"1":{"name":"(anonymous_1)","decl":{"start":{"line":8,"column":4},"end":{"line":8,"column":9}},"loc":{"start":{"line":8,"column":9},"end":{"line":10,"column":5}}},"2":{"name":"(anonymous_2)","decl":{"start":{"line":11,"column":4},"end":{"line":11,"column":15}},"loc":{"start":{"line":11,"column":15},"end":{"line":13,"column":5}}},"3":{"name":"(anonymous_3)","decl":{"start":{"line":14,"column":4},"end":{"line":14,"column":9}},"loc":{"start":{"line":14,"column":19},"end":{"line":16,"column":5}}},"4":{"name":"(anonymous_4)","decl":{"start":{"line":17,"column":4},"end":{"line":17,"column":15}},"loc":{"start":{"line":17,"column":31},"end":{"line":19,"column":5}}}},"branchMap":{},"s":{"0":7,"1":7,"2":13,"3":4,"4":1,"5":1,"6":3},"f":{"0":7,"1":13,"2":4,"3":1,"4":1},"b":{}}
,"/home/zw/桌面/ExpressTS/commonClasses/User.ts": {"path":"/home/zw/桌面/ExpressTS/commonClasses/User.ts","statementMap":{"0":{"start":{"line":5,"column":8},"end":{"line":5,"column":19}},"1":{"start":{"line":6,"column":8},"end":{"line":6,"column":23}},"2":{"start":{"line":9,"column":8},"end":{"line":9,"column":23}},"3":{"start":{"line":12,"column":8},"end":{"line":12,"column":25}},"4":{"start":{"line":15,"column":8},"end":{"line":15,"column":null}},"5":{"start":{"line":18,"column":8},"end":{"line":18,"column":null}},"6":{"start":{"line":1,"column":0},"end":{"line":1,"column":13}}},"fnMap":{"0":{"name":"(anonymous_0)","decl":{"start":{"line":4,"column":4},"end":{"line":4,"column":16}},"loc":{"start":{"line":4,"column":37},"end":{"line":7,"column":5}}},"1":{"name":"(anonymous_1)","decl":{"start":{"line":8,"column":4},"end":{"line":8,"column":9}},"loc":{"start":{"line":8,"column":9},"end":{"line":10,"column":5}}},"2":{"name":"(anonymous_2)","decl":{"start":{"line":11,"column":4},"end":{"line":11,"column":11}},"loc":{"start":{"line":11,"column":11},"end":{"line":13,"column":5}}},"3":{"name":"(anonymous_3)","decl":{"start":{"line":14,"column":4},"end":{"line":14,"column":9}},"loc":{"start":{"line":14,"column":19},"end":{"line":16,"column":5}}},"4":{"name":"(anonymous_4)","decl":{"start":{"line":17,"column":4},"end":{"line":17,"column":11}},"loc":{"start":{"line":17,"column":23},"end":{"line":19,"column":5}}}},"branchMap":{},"s":{"0":7,"1":7,"2":13,"3":4,"4":1,"5":1,"6":3},"f":{"0":7,"1":13,"2":4,"3":1,"4":1},"b":{}}
,"/home/zw/桌面/ExpressTS/controller/bookController.ts": {"path":"/home/zw/桌面/ExpressTS/controller/bookController.ts","statementMap":{"0":{"start":{"line":2,"column":0},"end":{"line":2,"column":45}},"1":{"start":{"line":3,"column":0},"end":{"line":3,"column":43}},"2":{"start":{"line":4,"column":0},"end":{"line":4,"column":44}},"3":{"start":{"line":5,"column":0},"end":{"line":5,"column":53}},"4":{"start":{"line":9,"column":4},"end":{"line":9,"column":40}},"5":{"start":{"line":12,"column":4},"end":{"line":21,"column":null}},"6":{"start":{"line":12,"column":47},"end":{"line":21,"column":null}},"7":{"start":{"line":13,"column":21},"end":{"line":13,"column":32}},"8":{"start":{"line":14,"column":23},"end":{"line":14,"column":40}},"9":{"start":{"line":15,"column":8},"end":{"line":17,"column":9}},"10":{"start":{"line":16,"column":12},"end":{"line":16,"column":67}},"11":{"start":{"line":19,"column":22},"end":{"line":19,"column":69}},"12":{"start":{"line":20,"column":8},"end":{"line":20,"column":66}},"13":{"start":{"line":24,"column":4},"end":{"line":27,"column":null}},"14":{"start":{"line":24,"column":47},"end":{"line":27,"column":null}},"15":{"start":{"line":25,"column":22},"end":{"line":25,"column":46}},"16":{"start":{"line":26,"column":8},"end":{"line":26,"column":66}},"17":{"start":{"line":30,"column":4},"end":{"line":34,"column":null}},"18":{"start":{"line":30,"column":54},"end":{"line":34,"column":null}},"19":{"start":{"line":31,"column":21},"end":{"line":31,"column":34}},"20":{"start":{"line":32,"column":22},"end":{"line":32,"column":57}},"21":{"start":{"line":33,"column":8},"end":{"line":33,"column":66}},"22":{"start":{"line":37,"column":13},"end":{"line":37,"column":51}}},"fnMap":{"0":{"name":"(anonymous_7)","decl":{"start":{"line":7,"column":0},"end":{"line":7,"column":6}},"loc":{"start":{"line":7,"column":0},"end":{"line":35,"column":1}}},"1":{"name":"(anonymous_8)","decl":{"start":{"line":12,"column":14},"end":{"line":12,"column":20}},"loc":{"start":{"line":12,"column":47},"end":{"line":21,"column":null}}},"2":{"name":"(anonymous_9)","decl":{"start":{"line":12,"column":47},"end":{"line":12,"column":null}},"loc":{"start":{"line":12,"column":47},"end":{"line":21,"column":5}}},"3":{"name":"(anonymous_10)","decl":{"start":{"line":24,"column":14},"end":{"line":24,"column":20}},"loc":{"start":{"line":24,"column":47},"end":{"line":27,"column":null}}},"4":{"name":"(anonymous_11)","decl":{"start":{"line":24,"column":47},"end":{"line":24,"column":null}},"loc":{"start":{"line":24,"column":47},"end":{"line":27,"column":5}}},"5":{"name":"(anonymous_12)","decl":{"start":{"line":30,"column":21},"end":{"line":30,"column":27}},"loc":{"start":{"line":30,"column":54},"end":{"line":34,"column":null}}},"6":{"name":"(anonymous_13)","decl":{"start":{"line":30,"column":54},"end":{"line":30,"column":null}},"loc":{"start":{"line":30,"column":54},"end":{"line":34,"column":5}}}},"branchMap":{"0":{"loc":{"start":{"line":15,"column":8},"end":{"line":17,"column":9}},"type":"if","locations":[{"start":{"line":15,"column":8},"end":{"line":17,"column":9}}]},"1":{"loc":{"start":{"line":15,"column":11},"end":{"line":15,"column":51}},"type":"binary-expr","locations":[{"start":{"line":15,"column":11},"end":{"line":15,"column":29}},{"start":{"line":15,"column":31},"end":{"line":15,"column":51}}]},"2":{"loc":{"start":{"line":20,"column":19},"end":{"line":20,"column":50}},"type":"cond-expr","locations":[{"start":{"line":20,"column":43},"end":{"line":20,"column":46}},{"start":{"line":20,"column":47},"end":{"line":20,"column":50}}]},"3":{"loc":{"start":{"line":26,"column":19},"end":{"line":26,"column":50}},"type":"cond-expr","locations":[{"start":{"line":26,"column":43},"end":{"line":26,"column":46}},{"start":{"line":26,"column":47},"end":{"line":26,"column":50}}]},"4":{"loc":{"start":{"line":33,"column":19},"end":{"line":33,"column":50}},"type":"cond-expr","locations":[{"start":{"line":33,"column":43},"end":{"line":33,"column":46}},{"start":{"line":33,"column":47},"end":{"line":33,"column":50}}]}},"s":{"0":1,"1":1,"2":1,"3":1,"4":1,"5":1,"6":4,"7":4,"8":4,"9":4,"10":1,"11":3,"12":3,"13":1,"14":2,"15":2,"16":2,"17":1,"18":2,"19":2,"20":2,"21":2,"22":1},"f":{"0":1,"1":4,"2":4,"3":2,"4":2,"5":2,"6":2},"b":{"0":[1],"1":[4,3],"2":[1,2],"3":[1,1],"4":[1,1]}}
,"/home/zw/桌面/ExpressTS/controller/userController.ts": {"path":"/home/zw/桌面/ExpressTS/controller/userController.ts","statementMap":{"0":{"start":{"line":2,"column":0},"end":{"line":2,"column":53}},"1":{"start":{"line":3,"column":0},"end":{"line":3,"column":45}},"2":{"start":{"line":4,"column":0},"end":{"line":4,"column":43}},"3":{"start":{"line":5,"column":0},"end":{"line":5,"column":44}},"4":{"start":{"line":9,"column":4},"end":{"line":9,"column":40}},"5":{"start":{"line":12,"column":4},"end":{"line":21,"column":null}},"6":{"start":{"line":12,"column":48},"end":{"line":21,"column":null}},"7":{"start":{"line":13,"column":21},"end":{"line":13,"column":32}},"8":{"start":{"line":14,"column":23},"end":{"line":14,"column":36}},"9":{"start":{"line":15,"column":8},"end":{"line":17,"column":9}},"10":{"start":{"line":16,"column":12},"end":{"line":16,"column":67}},"11":{"start":{"line":19,"column":22},"end":{"line":19,"column":69}},"12":{"start":{"line":20,"column":8},"end":{"line":20,"column":66}},"13":{"start":{"line":24,"column":4},"end":{"line":27,"column":null}},"14":{"start":{"line":24,"column":47},"end":{"line":27,"column":null}},"15":{"start":{"line":25,"column":22},"end":{"line":25,"column":46}},"16":{"start":{"line":26,"column":8},"end":{"line":26,"column":66}},"17":{"start":{"line":30,"column":4},"end":{"line":34,"column":null}},"18":{"start":{"line":30,"column":54},"end":{"line":34,"column":null}},"19":{"start":{"line":31,"column":21},"end":{"line":31,"column":34}},"20":{"start":{"line":32,"column":22},"end":{"line":32,"column":57}},"21":{"start":{"line":33,"column":8},"end":{"line":33,"column":66}},"22":{"start":{"line":37,"column":13},"end":{"line":37,"column":51}}},"fnMap":{"0":{"name":"(anonymous_7)","decl":{"start":{"line":7,"column":0},"end":{"line":7,"column":6}},"loc":{"start":{"line":7,"column":0},"end":{"line":35,"column":1}}},"1":{"name":"(anonymous_8)","decl":{"start":{"line":12,"column":15},"end":{"line":12,"column":21}},"loc":{"start":{"line":12,"column":48},"end":{"line":21,"column":null}}},"2":{"name":"(anonymous_9)","decl":{"start":{"line":12,"column":48},"end":{"line":12,"column":null}},"loc":{"start":{"line":12,"column":48},"end":{"line":21,"column":5}}},"3":{"name":"(anonymous_10)","decl":{"start":{"line":24,"column":14},"end":{"line":24,"column":20}},"loc":{"start":{"line":24,"column":47},"end":{"line":27,"column":null}}},"4":{"name":"(anonymous_11)","decl":{"start":{"line":24,"column":47},"end":{"line":24,"column":null}},"loc":{"start":{"line":24,"column":47},"end":{"line":27,"column":5}}},"5":{"name":"(anonymous_12)","decl":{"start":{"line":30,"column":21},"end":{"line":30,"column":27}},"loc":{"start":{"line":30,"column":54},"end":{"line":34,"column":null}}},"6":{"name":"(anonymous_13)","decl":{"start":{"line":30,"column":54},"end":{"line":30,"column":null}},"loc":{"start":{"line":30,"column":54},"end":{"line":34,"column":5}}}},"branchMap":{"0":{"loc":{"start":{"line":15,"column":8},"end":{"line":17,"column":9}},"type":"if","locations":[{"start":{"line":15,"column":8},"end":{"line":17,"column":9}}]},"1":{"loc":{"start":{"line":15,"column":11},"end":{"line":15,"column":51}},"type":"binary-expr","locations":[{"start":{"line":15,"column":11},"end":{"line":15,"column":29}},{"start":{"line":15,"column":31},"end":{"line":15,"column":51}}]},"2":{"loc":{"start":{"line":20,"column":19},"end":{"line":20,"column":50}},"type":"cond-expr","locations":[{"start":{"line":20,"column":43},"end":{"line":20,"column":46}},{"start":{"line":20,"column":47},"end":{"line":20,"column":50}}]},"3":{"loc":{"start":{"line":26,"column":19},"end":{"line":26,"column":50}},"type":"cond-expr","locations":[{"start":{"line":26,"column":43},"end":{"line":26,"column":46}},{"start":{"line":26,"column":47},"end":{"line":26,"column":50}}]},"4":{"loc":{"start":{"line":33,"column":19},"end":{"line":33,"column":50}},"type":"cond-expr","locations":[{"start":{"line":33,"column":43},"end":{"line":33,"column":46}},{"start":{"line":33,"column":47},"end":{"line":33,"column":50}}]}},"s":{"0":1,"1":1,"2":1,"3":1,"4":1,"5":1,"6":4,"7":4,"8":4,"9":4,"10":1,"11":3,"12":3,"13":1,"14":2,"15":2,"16":2,"17":1,"18":2,"19":2,"20":2,"21":2,"22":1},"f":{"0":1,"1":4,"2":4,"3":2,"4":2,"5":2,"6":2},"b":{"0":[1],"1":[4,3],"2":[1,2],"3":[1,1],"4":[1,1]}}
,"/home/zw/桌面/ExpressTS/service/BookService.ts": {"path":"/home/zw/桌面/ExpressTS/service/BookService.ts","statementMap":{"0":{"start":{"line":2,"column":0},"end":{"line":2,"column":75}},"1":{"start":{"line":3,"column":0},"end":{"line":3,"column":43}},"2":{"start":{"line":10,"column":8},"end":{"line":10,"column":40}},"3":{"start":{"line":14,"column":8},"end":{"line":16,"column":9}},"4":{"start":{"line":15,"column":12},"end":{"line":15,"column":46}},"5":{"start":{"line":17,"column":8},"end":{"line":17,"column":29}},"6":{"start":{"line":21,"column":8},"end":{"line":25,"column":9}},"7":{"start":{"line":22,"column":12},"end":{"line":24,"column":13}},"8":{"start":{"line":23,"column":16},"end":{"line":23,"column":59}},"9":{"start":{"line":26,"column":8},"end":{"line":26,"column":36}},"10":{"start":{"line":27,"column":8},"end":{"line":27,"column":33}},"11":{"start":{"line":31,"column":8},"end":{"line":31,"column":null}},"12":{"start":{"line":35,"column":8},"end":{"line":39,"column":9}},"13":{"start":{"line":36,"column":12},"end":{"line":38,"column":13}},"14":{"start":{"line":37,"column":16},"end":{"line":37,"column":null}},"15":{"start":{"line":40,"column":8},"end":{"line":40,"column":null}},"16":{"start":{"line":5,"column":0},"end":{"line":5,"column":13}}},"fnMap":{"0":{"name":"(anonymous_0)","decl":{"start":{"line":9,"column":4},"end":{"line":9,"column":null}},"loc":{"start":{"line":9,"column":4},"end":{"line":11,"column":5}}},"1":{"name":"(anonymous_1)","decl":{"start":{"line":13,"column":11},"end":{"line":13,"column":17}},"loc":{"start":{"line":13,"column":29},"end":{"line":18,"column":5}}},"2":{"name":"(anonymous_2)","decl":{"start":{"line":20,"column":4},"end":{"line":20,"column":11}},"loc":{"start":{"line":20,"column":24},"end":{"line":28,"column":5}}},"3":{"name":"(anonymous_3)","decl":{"start":{"line":30,"column":4},"end":{"line":30,"column":13}},"loc":{"start":{"line":30,"column":13},"end":{"line":32,"column":5}}},"4":{"name":"(anonymous_4)","decl":{"start":{"line":34,"column":4},"end":{"line":34,"column":18}},"loc":{"start":{"line":34,"column":32},"end":{"line":41,"column":5}}}},"branchMap":{"0":{"loc":{"start":{"line":14,"column":8},"end":{"line":16,"column":9}},"type":"if","locations":[{"start":{"line":14,"column":8},"end":{"line":16,"column":9}}]},"1":{"loc":{"start":{"line":22,"column":12},"end":{"line":24,"column":13}},"type":"if","locations":[{"start":{"line":22,"column":12},"end":{"line":24,"column":13}}]},"2":{"loc":{"start":{"line":36,"column":12},"end":{"line":38,"column":13}},"type":"if","locations":[{"start":{"line":36,"column":12},"end":{"line":38,"column":13}}]}},"s":{"0":2,"1":2,"2":2,"3":4,"4":2,"5":4,"6":6,"7":4,"8":3,"9":3,"10":3,"11":2,"12":2,"13":1,"14":1,"15":1,"16":2},"f":{"0":2,"1":4,"2":6,"3":2,"4":2},"b":{"0":[2],"1":[3],"2":[1]}}
,"/home/zw/桌面/ExpressTS/service/UserService.ts": {"path":"/home/zw/桌面/ExpressTS/service/UserService.ts","statementMap":{"0":{"start":{"line":1,"column":0},"end":{"line":1,"column":75}},"1":{"start":{"line":2,"column":0},"end":{"line":2,"column":43}},"2":{"start":{"line":10,"column":8},"end":{"line":10,"column":40}},"3":{"start":{"line":14,"column":8},"end":{"line":16,"column":9}},"4":{"start":{"line":15,"column":12},"end":{"line":15,"column":46}},"5":{"start":{"line":17,"column":8},"end":{"line":17,"column":29}},"6":{"start":{"line":21,"column":8},"end":{"line":25,"column":9}},"7":{"start":{"line":22,"column":12},"end":{"line":24,"column":13}},"8":{"start":{"line":23,"column":16},"end":{"line":23,"column":59}},"9":{"start":{"line":26,"column":8},"end":{"line":26,"column":36}},"10":{"start":{"line":27,"column":8},"end":{"line":27,"column":33}},"11":{"start":{"line":31,"column":8},"end":{"line":31,"column":46}},"12":{"start":{"line":35,"column":8},"end":{"line":39,"column":9}},"13":{"start":{"line":36,"column":12},"end":{"line":38,"column":13}},"14":{"start":{"line":37,"column":16},"end":{"line":37,"column":null}},"15":{"start":{"line":40,"column":8},"end":{"line":40,"column":null}},"16":{"start":{"line":5,"column":0},"end":{"line":5,"column":13}}},"fnMap":{"0":{"name":"(anonymous_0)","decl":{"start":{"line":9,"column":4},"end":{"line":9,"column":null}},"loc":{"start":{"line":9,"column":4},"end":{"line":11,"column":5}}},"1":{"name":"(anonymous_1)","decl":{"start":{"line":13,"column":11},"end":{"line":13,"column":17}},"loc":{"start":{"line":13,"column":29},"end":{"line":18,"column":5}}},"2":{"name":"(anonymous_2)","decl":{"start":{"line":20,"column":4},"end":{"line":20,"column":11}},"loc":{"start":{"line":20,"column":24},"end":{"line":28,"column":5}}},"3":{"name":"(anonymous_3)","decl":{"start":{"line":30,"column":4},"end":{"line":30,"column":13}},"loc":{"start":{"line":30,"column":13},"end":{"line":32,"column":5}}},"4":{"name":"(anonymous_4)","decl":{"start":{"line":34,"column":4},"end":{"line":34,"column":18}},"loc":{"start":{"line":34,"column":32},"end":{"line":41,"column":5}}}},"branchMap":{"0":{"loc":{"start":{"line":14,"column":8},"end":{"line":16,"column":9}},"type":"if","locations":[{"start":{"line":14,"column":8},"end":{"line":16,"column":9}}]},"1":{"loc":{"start":{"line":22,"column":12},"end":{"line":24,"column":13}},"type":"if","locations":[{"start":{"line":22,"column":12},"end":{"line":24,"column":13}}]},"2":{"loc":{"start":{"line":36,"column":12},"end":{"line":38,"column":13}},"type":"if","locations":[{"start":{"line":36,"column":12},"end":{"line":38,"column":13}}]}},"s":{"0":2,"1":2,"2":2,"3":4,"4":2,"5":4,"6":6,"7":4,"8":3,"9":3,"10":3,"11":2,"12":2,"13":1,"14":1,"15":1,"16":2},"f":{"0":2,"1":4,"2":6,"3":2,"4":2},"b":{"0":[2],"1":[3],"2":[1]}}
,"/home/zw/桌面/ExpressTS/utils/Code.ts": {"path":"/home/zw/桌面/ExpressTS/utils/Code.ts","statementMap":{"0":{"start":{"line":1,"column":13},"end":{"line":1,"column":null}},"1":{"start":{"line":2,"column":13},"end":{"line":2,"column":null}},"2":{"start":{"line":3,"column":13},"end":{"line":3,"column":null}},"3":{"start":{"line":4,"column":13},"end":{"line":4,"column":null}},"4":{"start":{"line":5,"column":13},"end":{"line":5,"column":null}},"5":{"start":{"line":6,"column":13},"end":{"line":6,"column":null}}},"fnMap":{},"branchMap":{},"s":{"0":4,"1":4,"2":4,"3":4,"4":4,"5":4},"f":{},"b":{}}
,"/home/zw/桌面/ExpressTS/utils/Message.ts": {"path":"/home/zw/桌面/ExpressTS/utils/Message.ts","statementMap":{"0":{"start":{"line":1,"column":0},"end":{"line":1,"column":42}},"1":{"start":{"line":12,"column":8},"end":{"line":12,"column":27}},"2":{"start":{"line":13,"column":8},"end":{"line":13,"column":29}},"3":{"start":{"line":14,"column":8},"end":{"line":14,"column":23}},"4":{"start":{"line":15,"column":8},"end":{"line":15,"column":null}},"5":{"start":{"line":18,"column":8},"end":{"line":18,"column":27}},"6":{"start":{"line":22,"column":8},"end":{"line":22,"column":28}},"7":{"start":{"line":26,"column":8},"end":{"line":26,"column":25}},"8":{"start":{"line":30,"column":8},"end":{"line":30,"column":54}},"9":{"start":{"line":34,"column":8},"end":{"line":34,"column":null}},"10":{"start":{"line":38,"column":8},"end":{"line":38,"column":58}},"11":{"start":{"line":3,"column":0},"end":{"line":3,"column":13}},"12":{"start":{"line":44,"column":0},"end":{"line":44,"column":null}},"13":{"start":{"line":45,"column":8},"end":{"line":45,"column":11}},"14":{"start":{"line":45,"column":11},"end":{"line":45,"column":17}},"15":{"start":{"line":45,"column":17},"end":{"line":45,"column":25}},"16":{"start":{"line":45,"column":25},"end":{"line":45,"column":null}}},"fnMap":{"0":{"name":"(anonymous_0)","decl":{"start":{"line":11,"column":4},"end":{"line":11,"column":16}},"loc":{"start":{"line":11,"column":66},"end":{"line":16,"column":5}}},"1":{"name":"(anonymous_1)","decl":{"start":{"line":17,"column":4},"end":{"line":17,"column":13}},"loc":{"start":{"line":17,"column":13},"end":{"line":19,"column":5}}},"2":{"name":"(anonymous_2)","decl":{"start":{"line":21,"column":4},"end":{"line":21,"column":14}},"loc":{"start":{"line":21,"column":14},"end":{"line":23,"column":5}}},"3":{"name":"(anonymous_3)","decl":{"start":{"line":25,"column":4},"end":{"line":25,"column":11}},"loc":{"start":{"line":25,"column":11},"end":{"line":27,"column":5}}},"4":{"name":"(anonymous_4)","decl":{"start":{"line":29,"column":4},"end":{"line":29,"column":10}},"loc":{"start":{"line":29,"column":37},"end":{"line":31,"column":5}}},"5":{"name":"(anonymous_5)","decl":{"start":{"line":33,"column":4},"end":{"line":33,"column":10}},"loc":{"start":{"line":33,"column":72},"end":{"line":35,"column":5}}},"6":{"name":"(anonymous_6)","decl":{"start":{"line":37,"column":4},"end":{"line":37,"column":10}},"loc":{"start":{"line":37,"column":75},"end":{"line":39,"column":5}}},"7":{"name":"(anonymous_7)","decl":{"start":{"line":44,"column":0},"end":{"line":44,"column":12}},"loc":{"start":{"line":44,"column":18},"end":{"line":46,"column":1}}}},"branchMap":{"0":{"loc":{"start":{"line":11,"column":30},"end":{"line":11,"column":47}},"type":"default-arg","locations":[{"start":{"line":11,"column":45},"end":{"line":11,"column":47}}]},"1":{"loc":{"start":{"line":11,"column":48},"end":{"line":11,"column":66}},"type":"default-arg","locations":[{"start":{"line":11,"column":57},"end":{"line":11,"column":66}}]},"2":{"loc":{"start":{"line":29,"column":19},"end":{"line":29,"column":37}},"type":"default-arg","locations":[{"start":{"line":29,"column":28},"end":{"line":29,"column":37}}]},"3":{"loc":{"start":{"line":33,"column":16},"end":{"line":33,"column":53}},"type":"default-arg","locations":[{"start":{"line":33,"column":31},"end":{"line":33,"column":53}}]},"4":{"loc":{"start":{"line":33,"column":54},"end":{"line":33,"column":72}},"type":"default-arg","locations":[{"start":{"line":33,"column":63},"end":{"line":33,"column":72}}]},"5":{"loc":{"start":{"line":37,"column":21},"end":{"line":37,"column":56}},"type":"default-arg","locations":[{"start":{"line":37,"column":36},"end":{"line":37,"column":56}}]},"6":{"loc":{"start":{"line":37,"column":57},"end":{"line":37,"column":75}},"type":"default-arg","locations":[{"start":{"line":37,"column":66},"end":{"line":37,"column":75}}]},"7":{"loc":{"start":{"line":44,"column":12},"end":{"line":44,"column":null}},"type":"binary-expr","locations":[{"start":{"line":44,"column":12},"end":{"line":44,"column":18}},{"start":{"line":44,"column":18},"end":{"line":44,"column":null}}]}},"s":{"0":5,"1":29,"2":29,"3":29,"4":29,"5":25,"6":5,"7":6,"8":14,"9":12,"10":2,"11":5,"12":5,"13":5,"14":5,"15":5,"16":5},"f":{"0":29,"1":25,"2":5,"3":6,"4":14,"5":12,"6":2,"7":5},"b":{"0":[1],"1":[21],"2":[6],"3":[2],"4":[12],"5":[1],"6":[2],"7":[5,5]}}
,"/home/zw/桌面/ExpressTS/utils/formatTime.ts": {"path":"/home/zw/桌面/ExpressTS/utils/formatTime.ts","statementMap":{"0":{"start":{"line":3,"column":26},"end":{"line":3,"column":36}},"1":{"start":{"line":4,"column":19},"end":{"line":4,"column":44}},"2":{"start":{"line":5,"column":20},"end":{"line":5,"column":44}},"3":{"start":{"line":6,"column":19},"end":{"line":6,"column":40}},"4":{"start":{"line":7,"column":20},"end":{"line":7,"column":42}},"5":{"start":{"line":8,"column":22},"end":{"line":8,"column":46}},"6":{"start":{"line":9,"column":22},"end":{"line":9,"column":46}},"7":{"start":{"line":10,"column":8},"end":{"line":10,"column":null}},"8":{"start":{"line":1,"column":0},"end":{"line":1,"column":13}}},"fnMap":{"0":{"name":"(anonymous_0)","decl":{"start":{"line":2,"column":4},"end":{"line":2,"column":10}},"loc":{"start":{"line":2,"column":18},"end":{"line":11,"column":5}}}},"branchMap":{},"s":{"0":29,"1":29,"2":29,"3":29,"4":29,"5":29,"6":29,"7":29,"8":5},"f":{"0":29},"b":{}}
}
