TN:
SF:commonClasses/Book.ts
FN:4,(anonymous_0)
FN:8,(anonymous_1)
FN:11,(anonymous_2)
FN:14,(anonymous_3)
FN:17,(anonymous_4)
FNF:5
FNH:3
FNDA:3,(anonymous_0)
FNDA:8,(anonymous_1)
FNDA:3,(anonymous_2)
FNDA:0,(anonymous_3)
FNDA:0,(anonymous_4)
DA:1,1
DA:5,3
DA:6,3
DA:9,8
DA:12,3
DA:15,0
DA:18,0
LF:7
LH:5
BRF:0
BRH:0
end_of_record
TN:
SF:jest/sum.ts
FN:1,sum
FNF:1
FNH:1
FNDA:1,sum
DA:2,1
DA:5,1
LF:2
LH:2
BRF:0
BRH:0
end_of_record
TN:
SF:service/BookService.ts
FN:9,(anonymous_0)
FN:13,(anonymous_1)
FN:20,(anonymous_2)
FN:30,(anonymous_3)
FN:34,(anonymous_4)
FNF:5
FNH:5
FNDA:1,(anonymous_0)
FNDA:1,(anonymous_1)
FNDA:3,(anonymous_2)
FNDA:1,(anonymous_3)
FNDA:1,(anonymous_4)
DA:2,1
DA:3,1
DA:5,1
DA:10,1
DA:14,1
DA:15,1
DA:17,1
DA:21,3
DA:22,2
DA:23,1
DA:26,2
DA:27,2
DA:31,1
DA:35,1
DA:36,1
DA:37,1
DA:40,0
LF:17
LH:16
BRDA:14,0,0,1
BRDA:22,1,0,1
BRDA:36,2,0,1
BRF:3
BRH:3
end_of_record
TN:
SF:utils/Code.ts
FNF:0
FNH:0
DA:1,1
DA:2,1
DA:3,1
DA:4,1
DA:5,1
DA:6,1
LF:6
LH:6
BRF:0
BRH:0
end_of_record
TN:
SF:utils/Message.ts
FN:11,(anonymous_0)
FN:17,(anonymous_1)
FN:21,(anonymous_2)
FN:25,(anonymous_3)
FN:29,(anonymous_4)
FN:33,(anonymous_5)
FN:37,(anonymous_6)
FN:44,(anonymous_7)
FNF:8
FNH:7
FNDA:5,(anonymous_0)
FNDA:5,(anonymous_1)
FNDA:1,(anonymous_2)
FNDA:3,(anonymous_3)
FNDA:4,(anonymous_4)
FNDA:1,(anonymous_5)
FNDA:0,(anonymous_6)
FNDA:1,(anonymous_7)
DA:1,1
DA:3,1
DA:12,5
DA:13,5
DA:14,5
DA:15,5
DA:18,5
DA:22,1
DA:26,3
DA:30,4
DA:34,1
DA:38,0
DA:44,1
DA:45,1
LF:14
LH:13
BRDA:11,0,0,0
BRDA:11,1,0,3
BRDA:29,2,0,2
BRDA:33,3,0,0
BRDA:33,4,0,1
BRDA:37,5,0,0
BRDA:37,6,0,0
BRDA:44,7,0,1
BRDA:44,7,1,1
BRF:9
BRH:5
end_of_record
TN:
SF:utils/formatTime.ts
FN:2,(anonymous_0)
FNF:1
FNH:1
FNDA:5,(anonymous_0)
DA:1,1
DA:3,5
DA:4,5
DA:5,5
DA:6,5
DA:7,5
DA:8,5
DA:9,5
DA:10,5
LF:9
LH:9
BRF:0
BRH:0
end_of_record
