TN:
SF:commonClasses/Book.ts
FN:4,(anonymous_0)
FN:8,(anonymous_1)
FN:11,(anonymous_2)
FN:14,(anonymous_3)
FN:17,(anonymous_4)
FNF:5
FNH:5
FNDA:7,(anonymous_0)
FNDA:13,(anonymous_1)
FNDA:4,(anonymous_2)
FNDA:1,(anonymous_3)
FNDA:1,(anonymous_4)
DA:1,3
DA:5,7
DA:6,7
DA:9,13
DA:12,4
DA:15,1
DA:18,1
LF:7
LH:7
BRF:0
BRH:0
end_of_record
TN:
SF:commonClasses/User.ts
FN:4,(anonymous_0)
FN:8,(anonymous_1)
FN:11,(anonymous_2)
FN:14,(anonymous_3)
FN:17,(anonymous_4)
FNF:5
FNH:5
FNDA:7,(anonymous_0)
FNDA:13,(anonymous_1)
FNDA:4,(anonymous_2)
FNDA:1,(anonymous_3)
FNDA:1,(anonymous_4)
DA:1,3
DA:5,7
DA:6,7
DA:9,13
DA:12,4
DA:15,1
DA:18,1
LF:7
LH:7
BRF:0
BRH:0
end_of_record
TN:
SF:controller/bookController.ts
FN:7,(anonymous_7)
FN:12,(anonymous_8)
FN:12,(anonymous_9)
FN:24,(anonymous_10)
FN:24,(anonymous_11)
FN:30,(anonymous_12)
FN:30,(anonymous_13)
FNF:7
FNH:7
FNDA:1,(anonymous_7)
FNDA:4,(anonymous_8)
FNDA:4,(anonymous_9)
FNDA:2,(anonymous_10)
FNDA:2,(anonymous_11)
FNDA:2,(anonymous_12)
FNDA:2,(anonymous_13)
DA:2,1
DA:3,1
DA:4,1
DA:5,1
DA:9,1
DA:12,4
DA:13,4
DA:14,4
DA:15,4
DA:16,1
DA:19,3
DA:20,3
DA:24,2
DA:25,2
DA:26,2
DA:30,2
DA:31,2
DA:32,2
DA:33,2
DA:37,1
LF:20
LH:20
BRDA:15,0,0,1
BRDA:15,1,0,4
BRDA:15,1,1,3
BRDA:20,2,0,1
BRDA:20,2,1,2
BRDA:26,3,0,1
BRDA:26,3,1,1
BRDA:33,4,0,1
BRDA:33,4,1,1
BRF:9
BRH:9
end_of_record
TN:
SF:controller/userController.ts
FN:7,(anonymous_7)
FN:12,(anonymous_8)
FN:12,(anonymous_9)
FN:24,(anonymous_10)
FN:24,(anonymous_11)
FN:30,(anonymous_12)
FN:30,(anonymous_13)
FNF:7
FNH:7
FNDA:1,(anonymous_7)
FNDA:4,(anonymous_8)
FNDA:4,(anonymous_9)
FNDA:2,(anonymous_10)
FNDA:2,(anonymous_11)
FNDA:2,(anonymous_12)
FNDA:2,(anonymous_13)
DA:2,1
DA:3,1
DA:4,1
DA:5,1
DA:9,1
DA:12,4
DA:13,4
DA:14,4
DA:15,4
DA:16,1
DA:19,3
DA:20,3
DA:24,2
DA:25,2
DA:26,2
DA:30,2
DA:31,2
DA:32,2
DA:33,2
DA:37,1
LF:20
LH:20
BRDA:15,0,0,1
BRDA:15,1,0,4
BRDA:15,1,1,3
BRDA:20,2,0,1
BRDA:20,2,1,2
BRDA:26,3,0,1
BRDA:26,3,1,1
BRDA:33,4,0,1
BRDA:33,4,1,1
BRF:9
BRH:9
end_of_record
TN:
SF:service/BookService.ts
FN:9,(anonymous_0)
FN:13,(anonymous_1)
FN:20,(anonymous_2)
FN:30,(anonymous_3)
FN:34,(anonymous_4)
FNF:5
FNH:5
FNDA:2,(anonymous_0)
FNDA:4,(anonymous_1)
FNDA:6,(anonymous_2)
FNDA:2,(anonymous_3)
FNDA:2,(anonymous_4)
DA:2,2
DA:3,2
DA:5,2
DA:10,2
DA:14,4
DA:15,2
DA:17,4
DA:21,6
DA:22,4
DA:23,3
DA:26,3
DA:27,3
DA:31,2
DA:35,2
DA:36,1
DA:37,1
DA:40,1
LF:17
LH:17
BRDA:14,0,0,2
BRDA:22,1,0,3
BRDA:36,2,0,1
BRF:3
BRH:3
end_of_record
TN:
SF:service/UserService.ts
FN:9,(anonymous_0)
FN:13,(anonymous_1)
FN:20,(anonymous_2)
FN:30,(anonymous_3)
FN:34,(anonymous_4)
FNF:5
FNH:5
FNDA:2,(anonymous_0)
FNDA:4,(anonymous_1)
FNDA:6,(anonymous_2)
FNDA:2,(anonymous_3)
FNDA:2,(anonymous_4)
DA:1,2
DA:2,2
DA:5,2
DA:10,2
DA:14,4
DA:15,2
DA:17,4
DA:21,6
DA:22,4
DA:23,3
DA:26,3
DA:27,3
DA:31,2
DA:35,2
DA:36,1
DA:37,1
DA:40,1
LF:17
LH:17
BRDA:14,0,0,2
BRDA:22,1,0,3
BRDA:36,2,0,1
BRF:3
BRH:3
end_of_record
TN:
SF:utils/Code.ts
FNF:0
FNH:0
DA:1,4
DA:2,4
DA:3,4
DA:4,4
DA:5,4
DA:6,4
LF:6
LH:6
BRF:0
BRH:0
end_of_record
TN:
SF:utils/Message.ts
FN:11,(anonymous_0)
FN:17,(anonymous_1)
FN:21,(anonymous_2)
FN:25,(anonymous_3)
FN:29,(anonymous_4)
FN:33,(anonymous_5)
FN:37,(anonymous_6)
FN:44,(anonymous_7)
FNF:8
FNH:8
FNDA:29,(anonymous_0)
FNDA:25,(anonymous_1)
FNDA:5,(anonymous_2)
FNDA:6,(anonymous_3)
FNDA:14,(anonymous_4)
FNDA:12,(anonymous_5)
FNDA:2,(anonymous_6)
FNDA:5,(anonymous_7)
DA:1,5
DA:3,5
DA:12,29
DA:13,29
DA:14,29
DA:15,29
DA:18,25
DA:22,5
DA:26,6
DA:30,14
DA:34,12
DA:38,2
DA:44,5
DA:45,5
LF:14
LH:14
BRDA:11,0,0,1
BRDA:11,1,0,21
BRDA:29,2,0,6
BRDA:33,3,0,2
BRDA:33,4,0,12
BRDA:37,5,0,1
BRDA:37,6,0,2
BRDA:44,7,0,5
BRDA:44,7,1,5
BRF:9
BRH:9
end_of_record
TN:
SF:utils/formatTime.ts
FN:2,(anonymous_0)
FNF:1
FNH:1
FNDA:29,(anonymous_0)
DA:1,5
DA:3,29
DA:4,29
DA:5,29
DA:6,29
DA:7,29
DA:8,29
DA:9,29
DA:10,29
LF:9
LH:9
BRF:0
BRH:0
end_of_record
